healthy-food/android/app/build/outputs/mapping/release/seeds.txt
com.nutrigo.app.MainApplication
com.nutrigo.app.MainActivity
com.nutrigo.app.MainApplication: MainApplication()
com.nutrigo.app.MainActivity: MainActivity()
...
androidx.core.widget.PopupWindowCompat$Api23Impl: int getWindowLayoutType(android.widget.PopupWindow)
androidx.viewpager.widget.ViewPager: int getCurrentItem()
com.facebook.react.modules.image.ImageLoaderModule: ImageLoaderModule(com.facebook.react.bridge.ReactApplicationContext)
com.facebook.react.devsupport.LogBoxModule: void show$lambda$0(com.facebook.react.devsupport.LogBoxModule)
kotlin.reflect.jvm.internal.impl.resolve.OverridingUtil$OverrideCompatibilityInfo$Result: kotlin.reflect.jvm.internal.impl.resolve.OverridingUtil$OverrideCompatibilityInfo$Result[] values()
com.swmansion.reanimated.sensor.ReanimatedSensorType: int getType()
com.facebook.jni.DestructorThread$Terminus: DestructorThread$Terminus()
com.swmansion.rnscreens.SearchBarManager: void toggleCancelButton(android.view.View,boolean)
com.horcrux.svg.SvgViewManager: void setBorderTopLeftRadius(com.horcrux.svg.SvgView,com.facebook.react.bridge.Dynamic)
com.facebook.react.bridge.CatalystInstance: void invokeCallback(int,com.facebook.react.bridge.NativeArrayInterface)
com.facebook.jni.HybridData$Destructor: long access$000(com.facebook.jni.HybridData$Destructor)
com.facebook.react.bridge.Promise: void reject(java.lang.Throwable,com.facebook.react.bridge.WritableMap)
com.facebook.fbreact.specs.NativeAnimatedModuleSpec: void getValue(double,com.facebook.react.bridge.Callback)
com.facebook.fbreact.specs.NativeImageStoreAndroidSpec: java.lang.String getName()
expo.modules.image.decodedsource.DecodedModule: DecodedModule()
expo.modules.filesystem.DownloadOptions: java.util.Map component3()
androidx.lifecycle.EmptyActivityLifecycleCallbacks: void onActivityCreated(android.app.Activity,android.os.Bundle)
com.swmansion.rnscreens.ScreenViewManager: void removeView(android.view.ViewGroup,android.view.View)
com.swmansion.reanimated.keyboard.KeyboardAnimationManager: void unsubscribeFromKeyboardUpdates(int)
com.facebook.react.uimanager.BaseViewManager: void setBorderTopRightRadius(android.view.View,float)
com.facebook.react.modules.camera.ImageStoreManager: void getBase64ForTag$lambda$0(com.facebook.react.modules.camera.ImageStoreManager,java.lang.String,com.facebook.react.bridge.Callback,com.facebook.react.bridge.Callback)
com.facebook.react.fabric.mounting.SurfaceMountingManager$PendingViewEvent: SurfaceMountingManager$PendingViewEvent(java.lang.String,com.facebook.react.bridge.WritableMap,int,boolean)
com.google.android.material.button.MaterialButtonToggleGroup: int getLastVisibleChildIndex()
com.facebook.react.fabric.events.EventBeatManager: void getMHybridData$annotations()
com.facebook.react.internal.featureflags.ReactNativeFeatureFlagsProvider: boolean commonTestFlag()
com.google.android.material.snackbar.Snackbar$SnackbarLayout: void setOnClickListener(android.view.View$OnClickListener)
com.facebook.react.views.image.ReactImageView: void setBlurRadius(float)
com.swmansion.rnscreens.ScreenContainer: void setFragmentManager(androidx.fragment.app.FragmentManager)
androidx.work.impl.WorkManagerImpl$Api24Impl: boolean isDeviceProtectedStorage(android.content.Context)
androidx.work.impl.foreground.SystemForegroundService$Api31Impl: void startForeground(android.app.Service,int,android.app.Notification,int)
androidx.appcompat.widget.AppCompatMultiAutoCompleteTextView: android.content.res.ColorStateList getSupportCompoundDrawablesTintList()
expo.modules.image.ExpoImageViewWrapper: boolean getAllowDownscaling$expo_image_release()
expo.modules.image.ExpoImageView: void setContentPosition$expo_image_release(expo.modules.image.records.ContentPosition)
com.horcrux.svg.RenderableViewManager$ClipPathViewManager: void setStrokeDasharray(android.view.View,com.facebook.react.bridge.Dynamic)
com.facebook.react.bridge.Arguments: com.facebook.react.bridge.WritableArray fromList(java.util.List)
com.facebook.react.animated.EventAnimationDriver: EventAnimationDriver(java.lang.String,int,java.util.List,com.facebook.react.animated.ValueAnimatedNode)