healthy-food/android/app/build/outputs/mapping/release/usage.txt
com.nutrigo.app.BuildConfig:
    public static final java.lang.String APPLICATION_ID
    public static final java.lang.String BUILD_TYPE
    public static final boolean IS_HERMES_ENABLED
    public static final boolean IS_NEW_ARCHITECTURE_ENABLED
    public static final int VERSION_CODE
    public static final java.lang.String VERSION_NAME
    public void <init>()
com.nutrigo.app.R$color
com.nutrigo.app.R$drawable
com.nutrigo.app.R$integer
com.nutrigo.app.R$mipmap
com.nutrigo.app.R$raw
com.nutrigo.app.R$string
com.nutrigo.app.R$style
com.nutrigo.app.R
...
androidx.compose.ui.text.font.PlatformResolveInterceptor$Companion$Default$1
androidx.compose.ui.text.font.PlatformResolveInterceptor$Companion
androidx.compose.ui.text.font.PlatformResolveInterceptor
androidx.compose.ui.text.font.PlatformTypefaces
androidx.compose.ui.text.font.PlatformTypefacesApi28
androidx.compose.ui.text.font.PlatformTypefacesApi
androidx.compose.ui.text.font.PlatformTypefaces_androidKt
androidx.compose.ui.text.font.ResourceFont
androidx.compose.ui.text.font.SystemFontFamily
androidx.compose.ui.text.font.Typeface
androidx.compose.ui.text.font.TypefaceBuilderCompat
androidx.compose.ui.text.font.TypefaceCompatApi26$toAndroidString$1
androidx.compose.ui.text.font.TypefaceCompatApi26
androidx.compose.ui.text.font.TypefaceHelperMethodsApi28
androidx.compose.ui.text.font.TypefaceRequest
androidx.compose.ui.text.font.TypefaceRequestCache$runCached$currentTypefaceResult$1
androidx.compose.ui.text.font.TypefaceRequestCache
androidx.compose.ui.text.font.TypefaceResult$Async
androidx.compose.ui.text.font.TypefaceResult$Immutable
androidx.compose.ui.text.font.TypefaceResult
androidx.compose.ui.text.input.BackspaceCommand
androidx.compose.ui.text.input.CommitTextCommand
androidx.compose.ui.text.input.CursorAnchorInfoApi33Helper
androidx.compose.ui.text.input.CursorAnchorInfoApi34Helper
androidx.compose.ui.text.input.CursorAnchorInfoBuilder_androidKt
androidx.compose.ui.text.input.CursorAnchorInfoController$invalidate$1$1
androidx.compose.ui.text.input.CursorAnchorInfoController$textFieldToRootTransform$1
androidx.compose.ui.text.input.CursorAnchorInfoController
androidx.compose.ui.text.input.DeleteAllCommand
androidx.compose.ui.text.input.DeleteSurroundingTextCommand
androidx.compose.ui.text.input.DeleteSurroundingTextInCodePointsCommand
androidx.compose.ui.text.input.EditCommand
androidx.compose.ui.text.input.EditCommandKt
androidx.compose.ui.text.input.EditProcessor$generateBatchErrorMessage$1$1
androidx.compose.ui.text.input.EditProcessor
androidx.compose.ui.text.input.EditingBuffer$Companion
androidx.compose.ui.text.input.EditingBuffer
androidx.compose.ui.text.input.EditingBufferKt
androidx.compose.ui.text.input.FinishComposingTextCommand
androidx.compose.ui.text.input.GapBuffer
androidx.compose.ui.text.input.GapBufferKt
androidx.compose.ui.text.input.GapBuffer_jvmKt
androidx.compose.ui.text.input.ImeAction$Companion
androidx.compose.ui.text.input.ImeAction
androidx.compose.ui.text.input.ImeOptions$Companion
androidx.compose.ui.text.input.ImeOptions
androidx.compose.ui.text.input.InputEventCallback2
androidx.compose.ui.text.input.InputEventCallback
androidx.compose.ui.text.input.InputMethodManager
androidx.compose.ui.text.input.InputMethodManagerImpl$imm$2
androidx.compose.ui.text.input.InputMethodManagerImpl
androidx.compose.ui.text.input.InputState_androidKt
androidx.compose.ui.text.input.KeyboardCapitalization$Companion
androidx.compose.ui.text.input.KeyboardCapitalization
androidx.compose.ui.text.input.KeyboardType$Companion
androidx.compose.ui.text.input.KeyboardType
androidx.compose.ui.text.input.MathUtilsKt
androidx.compose.ui.text.input.MoveCursorCommand
androidx.compose.ui.text.input.NullableInputConnectionWrapper
androidx.compose.ui.text.input.NullableInputConnectionWrapperApi21
androidx.compose.ui.text.input.NullableInputConnectionWrapperApi24
androidx.compose.ui.text.input.NullableInputConnectionWrapperApi25
androidx.compose.ui.text.input.NullableInputConnectionWrapperApi34
androidx.compose.ui.text.input.NullableInputConnectionWrapper_androidKt
androidx.compose.ui.text.input.OffsetMapping$Companion$Identity$1
androidx.compose.ui.text.input.OffsetMapping$Companion
androidx.compose.ui.text.input.OffsetMapping
androidx.compose.ui.text.input.PartialGapBuffer$Companion
androidx.compose.ui.text.input.PartialGapBuffer
androidx.compose.ui.text.input.PasswordVisualTransformation
androidx.compose.ui.text.input.PlatformImeOptions
androidx.compose.ui.text.input.PlatformTextInputService